LocalStack supervisor: starting
LocalStack supervisor: localstack process (PID 16) starting
2024-11-18T17:54:58.506 DEBUG --- [  MainThread] l.utils.docker_utils       : Using SdkDockerClient. LEGACY_DOCKER_CLIENT: False, SDK installed: True
2024-11-18T17:54:58.609  WARN --- [  MainThread] l.services.internal        : Enabling diagnose endpoint, please be aware that this can expose sensitive information via your network.
2024-11-18T17:54:58.612 DEBUG --- [  MainThread] plux.runtime.manager       : instantiating plugin PluginSpec(localstack.runtime.components.aws = <class 'localstack.aws.components.AwsComponents'>)
2024-11-18T17:54:58.612 DEBUG --- [  MainThread] plux.runtime.manager       : loading plugin localstack.runtime.components:aws

LocalStack version: 3.8.2.dev122
LocalStack build date: 2024-11-18
LocalStack build git hash: fb9d2348

2024-11-18T17:54:58.637 DEBUG --- [  MainThread] plux.runtime.manager       : instantiating plugin PluginSpec(localstack.hooks.on_infra_start._patch_botocore_endpoint_in_memory = <function _patch_botocore_endpoint_in_memory at 0xffffa2bce0c0>)
2024-11-18T17:54:58.638 DEBUG --- [  MainThread] plux.runtime.manager       : plugin localstack.hooks.on_infra_start:_patch_botocore_endpoint_in_memory is disabled, reason: Load condition for plugin was false
2024-11-18T17:54:58.638 DEBUG --- [  MainThread] plux.runtime.manager       : instantiating plugin PluginSpec(localstack.hooks.on_infra_start._patch_botocore_json_parser = <function _patch_botocore_json_parser at 0xffffa2bcdd00>)
2024-11-18T17:54:58.638 DEBUG --- [  MainThread] plux.runtime.manager       : loading plugin localstack.hooks.on_infra_start:_patch_botocore_json_parser
2024-11-18T17:54:58.638 DEBUG --- [  MainThread] plux.runtime.manager       : instantiating plugin PluginSpec(localstack.hooks.on_infra_start._patch_cbor2 = <function _patch_cbor2 at 0xffffa2bcde40>)
2024-11-18T17:54:58.638 DEBUG --- [  MainThread] plux.runtime.manager       : loading plugin localstack.hooks.on_infra_start:_patch_cbor2
2024-11-18T17:54:58.638 DEBUG --- [  MainThread] plux.runtime.manager       : instantiating plugin PluginSpec(localstack.hooks.on_infra_start._publish_config_as_analytics_event = <function _publish_config_as_analytics_event at 0xffffa1805bc0>)
2024-11-18T17:54:58.638 DEBUG --- [  MainThread] plux.runtime.manager       : loading plugin localstack.hooks.on_infra_start:_publish_config_as_analytics_event
2024-11-18T17:54:58.638 DEBUG --- [  MainThread] plux.runtime.manager       : instantiating plugin PluginSpec(localstack.hooks.on_infra_start._publish_container_info = <function _publish_container_info at 0xffffa1805f80>)
2024-11-18T17:54:58.638 DEBUG --- [  MainThread] plux.runtime.manager       : loading plugin localstack.hooks.on_infra_start:_publish_container_info
2024-11-18T17:54:58.638 DEBUG --- [  MainThread] plux.runtime.manager       : instantiating plugin PluginSpec(localstack.hooks.on_infra_start._run_init_scripts_on_start = <function _run_init_scripts_on_start at 0xffffa199f100>)
2024-11-18T17:54:58.638 DEBUG --- [  MainThread] plux.runtime.manager       : loading plugin localstack.hooks.on_infra_start:_run_init_scripts_on_start
2024-11-18T17:54:58.638 DEBUG --- [  MainThread] plux.runtime.manager       : instantiating plugin PluginSpec(localstack.hooks.on_infra_start.apply_aws_runtime_patches = <function apply_aws_runtime_patches at 0xffffa1806340>)
2024-11-18T17:54:58.638 DEBUG --- [  MainThread] plux.runtime.manager       : loading plugin localstack.hooks.on_infra_start:apply_aws_runtime_patches
2024-11-18T17:54:58.638 DEBUG --- [  MainThread] plux.runtime.manager       : instantiating plugin PluginSpec(localstack.hooks.on_infra_start.apply_runtime_patches = <function apply_runtime_patches at 0xffffa18067a0>)
2024-11-18T17:54:58.638 DEBUG --- [  MainThread] plux.runtime.manager       : loading plugin localstack.hooks.on_infra_start:apply_runtime_patches
2024-11-18T17:54:58.638 DEBUG --- [  MainThread] plux.runtime.manager       : instantiating plugin PluginSpec(localstack.hooks.on_infra_start.conditionally_enable_debugger = <function conditionally_enable_debugger at 0xffffa1806b60>)
2024-11-18T17:54:58.638 DEBUG --- [  MainThread] plux.runtime.manager       : loading plugin localstack.hooks.on_infra_start:conditionally_enable_debugger
2024-11-18T17:54:58.638 DEBUG --- [  MainThread] plux.runtime.manager       : instantiating plugin PluginSpec(localstack.hooks.on_infra_start.delete_cached_certificate = <function delete_cached_certificate at 0xffffa1806fc0>)
2024-11-18T17:54:58.638 DEBUG --- [  MainThread] plux.runtime.manager       : plugin localstack.hooks.on_infra_start:delete_cached_certificate is disabled, reason: Load condition for plugin was false
2024-11-18T17:54:58.638 DEBUG --- [  MainThread] plux.runtime.manager       : instantiating plugin PluginSpec(localstack.hooks.on_infra_start.deprecation_warnings = <function deprecation_warnings at 0xffffa1806de0>)
2024-11-18T17:54:58.638 DEBUG --- [  MainThread] plux.runtime.manager       : loading plugin localstack.hooks.on_infra_start:deprecation_warnings
2024-11-18T17:54:58.638 DEBUG --- [  MainThread] plux.runtime.manager       : instantiating plugin PluginSpec(localstack.hooks.on_infra_start.register_cloudformation_deploy_ui = <function register_cloudformation_deploy_ui at 0xffffa1807420>)
2024-11-18T17:54:58.638 DEBUG --- [  MainThread] plux.runtime.manager       : loading plugin localstack.hooks.on_infra_start:register_cloudformation_deploy_ui
2024-11-18T17:54:58.638 DEBUG --- [  MainThread] plux.runtime.manager       : instantiating plugin PluginSpec(localstack.hooks.on_infra_start.register_custom_endpoints = <function register_custom_endpoints at 0xffffa189e5c0>)
2024-11-18T17:54:58.638 DEBUG --- [  MainThread] plux.runtime.manager       : loading plugin localstack.hooks.on_infra_start:register_custom_endpoints
2024-11-18T17:54:58.638 DEBUG --- [  MainThread] plux.runtime.manager       : instantiating plugin PluginSpec(localstack.hooks.on_infra_start.register_swagger_endpoints = <function register_swagger_endpoints at 0xffffa1793ce0>)
2024-11-18T17:54:58.638 DEBUG --- [  MainThread] plux.runtime.manager       : loading plugin localstack.hooks.on_infra_start:register_swagger_endpoints
2024-11-18T17:54:58.638 DEBUG --- [  MainThread] plux.runtime.manager       : instantiating plugin PluginSpec(localstack.hooks.on_infra_start.setup_dns_configuration_on_host = <function setup_dns_configuration_on_host at 0xffffa17ac180>)
2024-11-18T17:54:58.638 DEBUG --- [  MainThread] plux.runtime.manager       : loading plugin localstack.hooks.on_infra_start:setup_dns_configuration_on_host
2024-11-18T17:54:58.638 DEBUG --- [  MainThread] plux.runtime.manager       : instantiating plugin PluginSpec(localstack.hooks.on_infra_start.start_dns_server = <function start_dns_server at 0xffffa17ac040>)
2024-11-18T17:54:58.638 DEBUG --- [  MainThread] plux.runtime.manager       : loading plugin localstack.hooks.on_infra_start:start_dns_server
2024-11-18T17:54:58.638 DEBUG --- [  MainThread] plux.runtime.manager       : instantiating plugin PluginSpec(localstack.hooks.on_infra_start.validate_configuration = <function validate_configuration at 0xffffa189e480>)
2024-11-18T17:54:58.638 DEBUG --- [  MainThread] plux.runtime.manager       : loading plugin localstack.hooks.on_infra_start:validate_configuration
2024-11-18T17:54:58.638 DEBUG --- [  MainThread] plux.runtime.manager       : instantiating plugin PluginSpec(localstack.hooks.on_infra_start._disable_iam_during_startup = <function _disable_iam_during_startup at 0xffffa17ad760>)
2024-11-18T17:54:58.638 DEBUG --- [  MainThread] plux.runtime.manager       : plugin localstack.hooks.on_infra_start:_disable_iam_during_startup is disabled, reason: Load condition for plugin was false
2024-11-18T17:54:58.638 DEBUG --- [  MainThread] plux.runtime.manager       : instantiating plugin PluginSpec(localstack.hooks.on_infra_start.add_aws_request_logger = <function add_aws_request_logger at 0xffffa17adbc0>)
2024-11-18T17:54:58.638 DEBUG --- [  MainThread] plux.runtime.manager       : loading plugin localstack.hooks.on_infra_start:add_aws_request_logger
2024-11-18T17:54:58.638 DEBUG --- [  MainThread] plux.runtime.manager       : instantiating plugin PluginSpec(localstack.hooks.on_infra_start.add_custom_edge_routes = <function add_custom_edge_routes at 0xffffa1635da0>)
2024-11-18T17:54:58.638 DEBUG --- [  MainThread] plux.runtime.manager       : loading plugin localstack.hooks.on_infra_start:add_custom_edge_routes
2024-11-18T17:54:58.638 DEBUG --- [  MainThread] plux.runtime.manager       : instantiating plugin PluginSpec(localstack.hooks.on_infra_start.configure_transparent_endpoint_injection = <function configure_transparent_endpoint_injection at 0xffffa16367a0>)
2024-11-18T17:54:58.638 DEBUG --- [  MainThread] plux.runtime.manager       : loading plugin localstack.hooks.on_infra_start:configure_transparent_endpoint_injection
2024-11-18T17:54:58.638 DEBUG --- [  MainThread] plux.runtime.manager       : instantiating plugin PluginSpec(localstack.hooks.on_infra_start.deprecation_warnings_pro = <function deprecation_warnings_pro at 0xffffa1636660>)
2024-11-18T17:54:58.638 DEBUG --- [  MainThread] plux.runtime.manager       : loading plugin localstack.hooks.on_infra_start:deprecation_warnings_pro
2024-11-18T17:54:58.638 DEBUG --- [  MainThread] plux.runtime.manager       : instantiating plugin PluginSpec(localstack.hooks.on_infra_start.extensions_on_infra_start = <function extensions_on_infra_start at 0xffffa1636b60>)
2024-11-18T17:54:58.638 DEBUG --- [  MainThread] plux.runtime.manager       : loading plugin localstack.hooks.on_infra_start:extensions_on_infra_start
2024-11-18T17:54:58.638 DEBUG --- [  MainThread] plux.runtime.manager       : instantiating plugin PluginSpec(localstack.hooks.on_infra_start.init_stackinfo_handler = <function init_stackinfo_handler at 0xffffa1637380>)
2024-11-18T17:54:58.638 DEBUG --- [  MainThread] plux.runtime.manager       : loading plugin localstack.hooks.on_infra_start:init_stackinfo_handler
2024-11-18T17:54:58.638 DEBUG --- [  MainThread] plux.runtime.manager       : instantiating plugin PluginSpec(localstack.hooks.on_infra_start.platform_plugins_add_service_plugin_listener = <function platform_plugins_add_service_plugin_listener at 0xffffa1637600>)
2024-11-18T17:54:58.638 DEBUG --- [  MainThread] plux.runtime.manager       : loading plugin localstack.hooks.on_infra_start:platform_plugins_add_service_plugin_listener
2024-11-18T17:54:58.638 DEBUG --- [  MainThread] plux.runtime.manager       : instantiating plugin PluginSpec(localstack.hooks.on_infra_start.platform_plugins_on_infra_start = <function platform_plugins_on_infra_start at 0xffffa1637740>)
2024-11-18T17:54:58.638 DEBUG --- [  MainThread] plux.runtime.manager       : loading plugin localstack.hooks.on_infra_start:platform_plugins_on_infra_start
2024-11-18T17:54:58.638 DEBUG --- [  MainThread] plux.runtime.manager       : instantiating plugin PluginSpec(localstack.hooks.on_infra_start.register_ci_run_manager = <function register_ci_run_manager at 0xffffa1640220>)
2024-11-18T17:54:58.638 DEBUG --- [  MainThread] plux.runtime.manager       : loading plugin localstack.hooks.on_infra_start:register_ci_run_manager
2024-11-18T17:54:58.638 DEBUG --- [  MainThread] plux.runtime.manager       : instantiating plugin PluginSpec(localstack.hooks.on_infra_start.register_launchpad_api = <function register_launchpad_api at 0xffffa1640860>)
2024-11-18T17:54:58.638 DEBUG --- [  MainThread] plux.runtime.manager       : loading plugin localstack.hooks.on_infra_start:register_launchpad_api
2024-11-18T17:54:58.638 DEBUG --- [  MainThread] plux.runtime.manager       : instantiating plugin PluginSpec(localstack.hooks.on_infra_start.register_pickle_patches_runtime = <function register_pickle_patches_runtime at 0xffffa1640c20>)
2024-11-18T17:54:58.638 DEBUG --- [  MainThread] plux.runtime.manager       : loading plugin localstack.hooks.on_infra_start:register_pickle_patches_runtime
2024-11-18T17:54:58.638 DEBUG --- [  MainThread] plux.runtime.manager       : instantiating plugin PluginSpec(localstack.hooks.on_infra_start.register_public_cloudpods_endpoints = <function register_public_cloudpods_endpoints at 0xffffa1640fe0>)
2024-11-18T17:54:58.638 DEBUG --- [  MainThread] plux.runtime.manager       : loading plugin localstack.hooks.on_infra_start:register_public_cloudpods_endpoints
2024-11-18T17:54:58.638 DEBUG --- [  MainThread] plux.runtime.manager       : instantiating plugin PluginSpec(localstack.hooks.on_infra_start.register_remotes_pods_api = <function register_remotes_pods_api at 0xffffa16400e0>)
2024-11-18T17:54:58.638 DEBUG --- [  MainThread] plux.runtime.manager       : loading plugin localstack.hooks.on_infra_start:register_remotes_pods_api
2024-11-18T17:54:58.638 DEBUG --- [  MainThread] plux.runtime.manager       : instantiating plugin PluginSpec(localstack.hooks.on_infra_start.register_replicator_api = <function register_replicator_api at 0xffffa16413a0>)
2024-11-18T17:54:58.638 DEBUG --- [  MainThread] plux.runtime.manager       : loading plugin localstack.hooks.on_infra_start:register_replicator_api
2024-11-18T17:54:58.638 DEBUG --- [  MainThread] plux.runtime.manager       : instantiating plugin PluginSpec(localstack.hooks.on_infra_start.register_reset_state_resource = <function register_reset_state_resource at 0xffffa16416c0>)
2024-11-18T17:54:58.638 DEBUG --- [  MainThread] plux.runtime.manager       : loading plugin localstack.hooks.on_infra_start:register_reset_state_resource
2024-11-18T17:54:58.638 DEBUG --- [  MainThread] plux.runtime.manager       : instantiating plugin PluginSpec(localstack.hooks.on_infra_start.register_restricted_pods_api = <function register_restricted_pods_api at 0xffffa1637f60>)
2024-11-18T17:54:58.638 DEBUG --- [  MainThread] plux.runtime.manager       : loading plugin localstack.hooks.on_infra_start:register_restricted_pods_api
2024-11-18T17:54:58.639 DEBUG --- [  MainThread] plux.runtime.manager       : instantiating plugin PluginSpec(localstack.hooks.on_infra_start.register_state_load_strategy = <function register_state_load_strategy at 0xffffa16422a0>)
2024-11-18T17:54:58.639 DEBUG --- [  MainThread] plux.runtime.manager       : plugin localstack.hooks.on_infra_start:register_state_load_strategy is disabled, reason: Load condition for plugin was false
2024-11-18T17:54:58.639 DEBUG --- [  MainThread] plux.runtime.manager       : instantiating plugin PluginSpec(localstack.hooks.on_infra_start.register_state_resource = <function register_state_resource at 0xffffa1642160>)
2024-11-18T17:54:58.639 DEBUG --- [  MainThread] plux.runtime.manager       : plugin localstack.hooks.on_infra_start:register_state_resource is disabled, reason: Load condition for plugin was false
2024-11-18T17:54:58.639 DEBUG --- [  MainThread] plux.runtime.manager       : instantiating plugin PluginSpec(localstack.hooks.on_infra_start.register_state_save_strategy = <function register_state_save_strategy at 0xffffa1642520>)
2024-11-18T17:54:58.639 DEBUG --- [  MainThread] plux.runtime.manager       : plugin localstack.hooks.on_infra_start:register_state_save_strategy is disabled, reason: Load condition for plugin was false
2024-11-18T17:54:58.639 DEBUG --- [  MainThread] plux.runtime.manager       : instantiating plugin PluginSpec(localstack.hooks.on_infra_start.setup_pro_infra = <function setup_pro_infra at 0xffffa16362a0>)
2024-11-18T17:54:58.639 DEBUG --- [  MainThread] plux.runtime.manager       : loading plugin localstack.hooks.on_infra_start:setup_pro_infra
2024-11-18T17:54:58.705 DEBUG --- [  MainThread] localstack.dns.server      : Determined fallback dns: 127.0.0.11
2024-11-18T17:54:58.705 DEBUG --- [  MainThread] localstack.dns.server      : Starting DNS servers (tcp/udp port 53 on 0.0.0.0)...
2024-11-18T17:54:58.705 DEBUG --- [  MainThread] localstack.dns.server      : Adding host .*localhost.localstack.cloud pointing to LocalStack
2024-11-18T17:54:58.705 DEBUG --- [  MainThread] localstack.dns.server      : Adding host .*localhost.localstack.cloud with record DynamicRecord(record_type=<RecordType.A: 1>, record_id=None)
2024-11-18T17:54:58.705 DEBUG --- [  MainThread] localstack.dns.server      : Adding host .*localhost.localstack.cloud with record DynamicRecord(record_type=<RecordType.AAAA: 2>, record_id=None)
2024-11-18T17:54:58.706 DEBUG --- [-functhread1] localstack.dns.server      : DNS Server started
2024-11-18T17:54:58.707 DEBUG --- [  MainThread] localstack.dns.server      : DNS server startup finished.
2024-11-18T17:54:58.708  INFO --- [  MainThread] l.p.c.b.licensingv2        : Successfully activated cached license 4a19be19-b8bd-4eec-bd6a-af961bcb57ce:trial from /var/lib/localstack/cache/license.json 🔑✅
2024-11-18T17:54:58.739 DEBUG --- [  MainThread] localstack.runtime.init    : Init scripts discovered: {BOOT: [], START: [], READY: [], SHUTDOWN: []}
2024-11-18T17:54:58.739 DEBUG --- [  MainThread] localstack.plugins         : Checking for the usage of deprecated community features and configs...
2024-11-18T17:54:58.739  WARN --- [  MainThread] localstack.deprecations    : EDGE_PORT is deprecated (since 2.0.0) and will be removed in upcoming releases of LocalStack! This configuration will be migrated to GATEWAY_LISTEN
2024-11-18T17:54:58.743 DEBUG --- [  MainThread] localstack.dns.server      : Overwriting container DNS server to point to localhost
2024-11-18T17:54:58.751 DEBUG --- [  MainThread] l.pro.core.plugins         : setting up transparent endpoint injection
2024-11-18T17:54:58.751 DEBUG --- [  MainThread] localstack.dns.server      : Adding host .*.amazonaws.com pointing to LocalStack
2024-11-18T17:54:58.751 DEBUG --- [  MainThread] localstack.dns.server      : Adding host .*.amazonaws.com with record DynamicRecord(record_type=<RecordType.A: 1>, record_id=None)
2024-11-18T17:54:58.751 DEBUG --- [  MainThread] localstack.dns.server      : Adding host .*.amazonaws.com with record DynamicRecord(record_type=<RecordType.AAAA: 2>, record_id=None)
2024-11-18T17:54:58.751 DEBUG --- [  MainThread] localstack.dns.server      : Adding host .*aws.amazon.com pointing to LocalStack
2024-11-18T17:54:58.751 DEBUG --- [  MainThread] localstack.dns.server      : Adding host .*aws.amazon.com with record DynamicRecord(record_type=<RecordType.A: 1>, record_id=None)
2024-11-18T17:54:58.751 DEBUG --- [  MainThread] localstack.dns.server      : Adding host .*aws.amazon.com with record DynamicRecord(record_type=<RecordType.AAAA: 2>, record_id=None)
2024-11-18T17:54:58.751 DEBUG --- [  MainThread] localstack.dns.server      : Adding host .*cloudfront.net pointing to LocalStack
2024-11-18T17:54:58.751 DEBUG --- [  MainThread] localstack.dns.server      : Adding host .*cloudfront.net with record DynamicRecord(record_type=<RecordType.A: 1>, record_id=None)
2024-11-18T17:54:58.751 DEBUG --- [  MainThread] localstack.dns.server      : Adding host .*cloudfront.net with record DynamicRecord(record_type=<RecordType.AAAA: 2>, record_id=None)
2024-11-18T17:54:58.751 DEBUG --- [  MainThread] localstack.dns.server      : Adding skip pattern ^aws\.amazon\.com
2024-11-18T17:54:58.751 DEBUG --- [  MainThread] localstack.dns.server      : Adding skip pattern ^localstack-pods-.*\.s3(\.[^\.]+)?\.amazonaws\.com
2024-11-18T17:54:58.751 DEBUG --- [  MainThread] localstack.dns.server      : Adding skip pattern ^localstack-assets\.s3(\.[^\.]+)?\.amazonaws\.com
2024-11-18T17:54:58.751 DEBUG --- [  MainThread] localstack.dns.server      : Adding skip pattern ^github-production-release-.*\.s3(\.[^\.]+)?\.amazonaws\.com
2024-11-18T17:54:58.751 DEBUG --- [  MainThread] localstack.dns.server      : Adding skip pattern ^aws-glue-etl-artifacts\.s3(\.[^\.]+)?\.amazonaws\.com
2024-11-18T17:54:58.751 DEBUG --- [  MainThread] localstack.dns.server      : Adding skip pattern ^prod-registry-k8s-io-.*\.s3\.(dualstack\.)?.*\.amazonaws\.com
2024-11-18T17:54:58.751 DEBUG --- [  MainThread] localstack.dns.server      : Adding skip pattern ^(?:prod|staging)sharedcertsstack-.*\.s3(\.[^\.]+)?\.amazonaws\.com
2024-11-18T17:54:58.751 DEBUG --- [  MainThread] localstack.dns.server      : Adding skip pattern .*(forums|console|docs|clientvpn|sso|boto3|(signin(\-reg)?))\.([^\.]+\.)?(aws\.amazon|amazonaws)\.com
2024-11-18T17:54:58.751 DEBUG --- [  MainThread] localstack.dns.server      : Adding skip pattern .*captcha-prod\.s3(\.[^\.]+)?\.amazonaws\.com
2024-11-18T17:54:58.751 DEBUG --- [  MainThread] localstack.dns.server      : Adding skip pattern ^redshift-maven-repository\.s3(\.[^\.]+)?\.amazonaws\.com
2024-11-18T17:54:59.249 DEBUG --- [  MainThread] l.p.c.services.iam.router  : Adding IAM policy generation routes...
2024-11-18T17:54:59.677  INFO --- [  MainThread] l.p.c.extensions.platform  : loaded 1 extensions
2024-11-18T17:54:59.677 DEBUG --- [  MainThread] l.p.c.extensions.platform  : calling extensions on_platform_start
2024-11-18T17:54:59.678 DEBUG --- [  MainThread] localstack.utils.run       : Executing command: ['pip', 'install', 'sqlglot[rs]==25.17.0']
2024-11-18T17:55:01.098 DEBUG --- [  MainThread] l.p.c.extensions.platform  : calling extensions update_gateway_routes
2024-11-18T17:55:01.239 DEBUG --- [  MainThread] l.p.c.extensions.platform  : calling extensions update_request_handlers
2024-11-18T17:55:01.240 DEBUG --- [  MainThread] l.p.c.extensions.platform  : calling extensions update_response_handlers
2024-11-18T17:55:01.240 DEBUG --- [  MainThread] l.p.c.extensions.platform  : calling extensions update_exception_handlers
2024-11-18T17:55:01.245 DEBUG --- [  MainThread] l.p.c.b.tls_certificate    : Using cached TLS certificate (less than 24 hrs since last update).
2024-11-18T17:55:01.302 DEBUG --- [et.reactor-0] l.a.p.service_router       : building service catalog index cache file /var/lib/localstack/cache/service-catalog-3_8_2_dev122-1_35_63.pickle
2024-11-18T17:55:02.532 DEBUG --- [ady_monitor)] l.p.c.extensions.platform  : calling extensions on_platform_ready
Ready.
